  LAB 11.3.cpp
C:\Users\Rashak\source\repos\LAB11\LAB 11.3\LAB 11.3.cpp(6,1): warning C4326: возвращаемый тип "main" должен быть "int", а не "void"
C:\Users\Rashak\source\repos\LAB11\LAB 11.3\Vector.h(44,21): warning C4018: <: несоответствие типов со знаком и без знака
C:\Users\Rashak\source\repos\LAB11\LAB 11.3\Vector.h(43): message : во время компиляции функции-члена класс шаблон "void Vector<time>::Print(void)"
C:\Users\Rashak\source\repos\LAB11\LAB 11.3\LAB 11.3.cpp(8): message : выполняется компиляция ссылки на экземпляр шаблон функции "void Vector<time>::Print(void)"
C:\Users\Rashak\source\repos\LAB11\LAB 11.3\LAB 11.3.cpp(7): message : выполняется компиляция ссылки на экземпляр класс шаблон функции "Vector<time>"
C:\Users\Rashak\source\repos\LAB11\LAB 11.3\Vector.h(52,21): warning C4018: <: несоответствие типов со знаком и без знака
C:\Users\Rashak\source\repos\LAB11\LAB 11.3\Vector.h(50): message : во время компиляции функции-члена класс шаблон "T Vector<T>::Minsize(void)"
          with
          [
              T=time
          ]
C:\Users\Rashak\source\repos\LAB11\LAB 11.3\LAB 11.3.cpp(10): message : выполняется компиляция ссылки на экземпляр шаблон функции "T Vector<T>::Minsize(void)"
          with
          [
              T=time
          ]
C:\Users\Rashak\source\repos\LAB11\LAB 11.3\Vector.h(77,21): warning C4018: <: несоответствие типов со знаком и без знака
C:\Users\Rashak\source\repos\LAB11\LAB 11.3\Vector.h(71): message : во время компиляции функции-члена класс шаблон "Vector<time> Vector<time>::Del(void)"
C:\Users\Rashak\source\repos\LAB11\LAB 11.3\LAB 11.3.cpp(14): message : выполняется компиляция ссылки на экземпляр шаблон функции "Vector<time> Vector<time>::Del(void)"
C:\Users\Rashak\source\repos\LAB11\LAB 11.3\Vector.h(75,7): warning C4101: n: неиспользованная локальная переменная
C:\Users\Rashak\source\repos\LAB11\LAB 11.3\Vector.h(91,20): warning C4018: <: несоответствие типов со знаком и без знака
C:\Users\Rashak\source\repos\LAB11\LAB 11.3\Vector.h(88): message : во время компиляции функции-члена класс шаблон "void Vector<time>::AddMinMaxSize(void)"
C:\Users\Rashak\source\repos\LAB11\LAB 11.3\LAB 11.3.cpp(17): message : выполняется компиляция ссылки на экземпляр шаблон функции "void Vector<time>::AddMinMaxSize(void)"
C:\Users\Rashak\source\repos\LAB11\LAB 11.3\Vector.h(60,20): warning C4018: <: несоответствие типов со знаком и без знака
C:\Users\Rashak\source\repos\LAB11\LAB 11.3\Vector.h(58): message : во время компиляции функции-члена класс шаблон "T Vector<T>::Maxsize(void)"
          with
          [
              T=time
          ]
C:\Users\Rashak\source\repos\LAB11\LAB 11.3\Vector.h(89): message : выполняется компиляция ссылки на экземпляр шаблон функции "T Vector<T>::Maxsize(void)"
          with
          [
              T=time
          ]
C:\Users\Rashak\source\repos\LAB11\LAB 11.3\Vector.h(32): message : во время компиляции функции-члена класс шаблон "Vector<time>::Vector(int)"
C:\Users\Rashak\source\repos\LAB11\LAB 11.3\LAB 11.3.cpp(7): message : выполняется компиляция ссылки на экземпляр шаблон функции "Vector<time>::Vector(int)"
  LAB 11.3.vcxproj -> C:\Users\Rashak\source\repos\LAB11\Debug\LAB 11.3.exe
