  LAB11.5.cpp
C:\Users\Rashak\source\repos\LAB11\LAB11.5\Vector.h(78,21): warning C4018: <: несоответствие типов со знаком и без знака
C:\Users\Rashak\source\repos\LAB11\LAB11.5\Vector.h(73): message : во время компиляции функции-члена класс шаблон "void Vector<time>::CopyVectorToQueue(void)"
C:\Users\Rashak\source\repos\LAB11\LAB11.5\LAB11.5.cpp(22): message : выполняется компиляция ссылки на экземпляр шаблон функции "void Vector<time>::CopyVectorToQueue(void)"
C:\Users\Rashak\source\repos\LAB11\LAB11.5\LAB11.5.cpp(21): message : выполняется компиляция ссылки на экземпляр класс шаблон функции "Vector<time>"
C:\Users\Rashak\source\repos\LAB11\LAB11.5\Vector.h(116,21): warning C4018: <: несоответствие типов со знаком и без знака
C:\Users\Rashak\source\repos\LAB11\LAB11.5\Vector.h(111): message : во время компиляции функции-члена класс шаблон "void Vector<time>::DeleteElem(void)"
C:\Users\Rashak\source\repos\LAB11\LAB11.5\LAB11.5.cpp(30): message : выполняется компиляция ссылки на экземпляр шаблон функции "void Vector<time>::DeleteElem(void)"
C:\Users\Rashak\source\repos\LAB11\LAB11.5\Vector.h(131,20): warning C4018: <: несоответствие типов со знаком и без знака
C:\Users\Rashak\source\repos\LAB11\LAB11.5\Vector.h(128): message : во время компиляции функции-члена класс шаблон "void Vector<time>::AddMinMaxElem(void)"
C:\Users\Rashak\source\repos\LAB11\LAB11.5\LAB11.5.cpp(33): message : выполняется компиляция ссылки на экземпляр шаблон функции "void Vector<time>::AddMinMaxElem(void)"
C:\Users\Rashak\source\repos\LAB11\LAB11.5\Vector.h(87,21): warning C4018: <: несоответствие типов со знаком и без знака
C:\Users\Rashak\source\repos\LAB11\LAB11.5\Vector.h(85): message : во время компиляции функции-члена класс шаблон "T Vector<T>::MinSize(void)"
          with
          [
              T=time
          ]
C:\Users\Rashak\source\repos\LAB11\LAB11.5\LAB11.5.cpp(26): message : выполняется компиляция ссылки на экземпляр шаблон функции "T Vector<T>::MinSize(void)"
          with
          [
              T=time
          ]
C:\Users\Rashak\source\repos\LAB11\LAB11.5\Vector.h(97,21): warning C4018: <: несоответствие типов со знаком и без знака
C:\Users\Rashak\source\repos\LAB11\LAB11.5\Vector.h(95): message : во время компиляции функции-члена класс шаблон "T Vector<T>::MaxSize(void)"
          with
          [
              T=time
          ]
C:\Users\Rashak\source\repos\LAB11\LAB11.5\Vector.h(130): message : выполняется компиляция ссылки на экземпляр шаблон функции "T Vector<T>::MaxSize(void)"
          with
          [
              T=time
          ]
C:\Users\Rashak\source\repos\LAB11\LAB11.5\Vector.h(37): message : во время компиляции функции-члена класс шаблон "Vector<time>::Vector(int)"
C:\Users\Rashak\source\repos\LAB11\LAB11.5\LAB11.5.cpp(21): message : выполняется компиляция ссылки на экземпляр шаблон функции "Vector<time>::Vector(int)"
  LAB11.5.vcxproj -> C:\Users\Rashak\source\repos\LAB11\Debug\LAB11.5.exe
